2023-08-23 19:11:23,117 INFO [restartedMain] c.e.s.SimpleJava17WebApplication [StartupInfoLogger.java:51] Starting SimpleJava17WebApplication using Java 17.0.7 with PID 56343 (/Users/868065/Prakash/Workplace/Personal/simple-java17-web/target/classes started by 868065 in /Users/868065/Prakash/Workplace/Personal/simple-java17-web)
2023-08-23 19:11:23,124 INFO [restartedMain] c.e.s.SimpleJava17WebApplication [SpringApplication.java:634] No active profile set, falling back to 1 default profile: "default"
2023-08-23 19:11:23,199 INFO [restartedMain] o.s.b.d.e.DevToolsPropertyDefaultsPostProcessor [DeferredLog.java:250] Devtools property defaults active! Set 'spring.devtools.add-properties' to 'false' to disable
2023-08-23 19:11:23,200 INFO [restartedMain] o.s.b.d.e.DevToolsPropertyDefaultsPostProcessor [DeferredLog.java:250] For additional web related logging consider setting the 'logging.level.web' property to 'DEBUG'
2023-08-23 19:11:24,273 INFO [restartedMain] o.s.b.w.e.t.TomcatWebServer [TomcatWebServer.java:108] Tomcat initialized with port(s): 8080 (http)
2023-08-23 19:11:24,283 INFO [restartedMain] o.a.c.h.Http11NioProtocol [DirectJDKLog.java:173] Initializing ProtocolHandler ["http-nio-8080"]
2023-08-23 19:11:24,285 INFO [restartedMain] o.a.c.c.StandardService [DirectJDKLog.java:173] Starting service [Tomcat]
2023-08-23 19:11:24,286 INFO [restartedMain] o.a.c.c.StandardEngine [DirectJDKLog.java:173] Starting Servlet engine: [Apache Tomcat/10.1.11]
2023-08-23 19:11:24,357 INFO [restartedMain] o.a.c.c.C.[.[.[/] [DirectJDKLog.java:173] Initializing Spring embedded WebApplicationContext
2023-08-23 19:11:24,360 INFO [restartedMain] o.s.b.w.s.c.ServletWebServerApplicationContext [ServletWebServerApplicationContext.java:291] Root WebApplicationContext: initialization completed in 1156 ms
2023-08-23 19:11:24,751 INFO [restartedMain] o.s.b.d.a.OptionalLiveReloadServer [OptionalLiveReloadServer.java:59] LiveReload server is running on port 35729
2023-08-23 19:11:24,764 INFO [restartedMain] o.a.c.h.Http11NioProtocol [DirectJDKLog.java:173] Starting ProtocolHandler ["http-nio-8080"]
2023-08-23 19:11:24,794 INFO [restartedMain] o.s.b.w.e.t.TomcatWebServer [TomcatWebServer.java:220] Tomcat started on port(s): 8080 (http) with context path ''
2023-08-23 19:11:24,806 INFO [restartedMain] c.e.s.SimpleJava17WebApplication [StartupInfoLogger.java:57] Started SimpleJava17WebApplication in 2.103 seconds (process running for 2.77)
2023-08-23 19:11:46,221 INFO [http-nio-8080-exec-1] o.a.c.c.C.[.[.[/] [DirectJDKLog.java:173] Initializing Spring DispatcherServlet 'dispatcherServlet'
2023-08-23 19:11:46,221 INFO [http-nio-8080-exec-1] o.s.w.s.DispatcherServlet [FrameworkServlet.java:532] Initializing Servlet 'dispatcherServlet'
2023-08-23 19:11:46,223 INFO [http-nio-8080-exec-1] o.s.w.s.DispatcherServlet [FrameworkServlet.java:554] Completed initialization in 1 ms
2023-08-23 19:13:58,933 INFO [restartedMain] c.e.s.SimpleJava17WebApplication [StartupInfoLogger.java:51] Starting SimpleJava17WebApplication using Java 17.0.7 with PID 59732 (/Users/868065/Prakash/Workplace/Personal/simple-java17-web/target/classes started by 868065 in /Users/868065/Prakash/Workplace/Personal/simple-java17-web)
2023-08-23 19:13:58,937 INFO [restartedMain] c.e.s.SimpleJava17WebApplication [SpringApplication.java:634] No active profile set, falling back to 1 default profile: "default"
2023-08-23 19:13:59,013 INFO [restartedMain] o.s.b.d.e.DevToolsPropertyDefaultsPostProcessor [DeferredLog.java:250] Devtools property defaults active! Set 'spring.devtools.add-properties' to 'false' to disable
2023-08-23 19:13:59,014 INFO [restartedMain] o.s.b.d.e.DevToolsPropertyDefaultsPostProcessor [DeferredLog.java:250] For additional web related logging consider setting the 'logging.level.web' property to 'DEBUG'
2023-08-23 19:14:00,853 INFO [restartedMain] o.s.b.w.e.t.TomcatWebServer [TomcatWebServer.java:108] Tomcat initialized with port(s): 8080 (http)
2023-08-23 19:14:00,868 INFO [restartedMain] o.a.c.h.Http11NioProtocol [DirectJDKLog.java:173] Initializing ProtocolHandler ["http-nio-8080"]
2023-08-23 19:14:00,872 INFO [restartedMain] o.a.c.c.StandardService [DirectJDKLog.java:173] Starting service [Tomcat]
2023-08-23 19:14:00,872 INFO [restartedMain] o.a.c.c.StandardEngine [DirectJDKLog.java:173] Starting Servlet engine: [Apache Tomcat/10.1.11]
2023-08-23 19:14:00,946 INFO [restartedMain] o.a.c.c.C.[.[.[/] [DirectJDKLog.java:173] Initializing Spring embedded WebApplicationContext
2023-08-23 19:14:00,949 INFO [restartedMain] o.s.b.w.s.c.ServletWebServerApplicationContext [ServletWebServerApplicationContext.java:291] Root WebApplicationContext: initialization completed in 1932 ms
2023-08-23 19:14:01,380 INFO [restartedMain] o.s.b.d.a.OptionalLiveReloadServer [OptionalLiveReloadServer.java:59] LiveReload server is running on port 35729
2023-08-23 19:14:01,393 INFO [restartedMain] o.a.c.h.Http11NioProtocol [DirectJDKLog.java:173] Starting ProtocolHandler ["http-nio-8080"]
2023-08-23 19:14:01,412 INFO [restartedMain] o.s.b.w.e.t.TomcatWebServer [TomcatWebServer.java:220] Tomcat started on port(s): 8080 (http) with context path ''
2023-08-23 19:14:01,423 INFO [restartedMain] c.e.s.SimpleJava17WebApplication [StartupInfoLogger.java:57] Started SimpleJava17WebApplication in 2.854 seconds (process running for 3.749)
2023-08-23 19:14:06,805 INFO [http-nio-8080-exec-1] o.a.c.c.C.[.[.[/] [DirectJDKLog.java:173] Initializing Spring DispatcherServlet 'dispatcherServlet'
2023-08-23 19:14:06,806 INFO [http-nio-8080-exec-1] o.s.w.s.DispatcherServlet [FrameworkServlet.java:532] Initializing Servlet 'dispatcherServlet'
2023-08-23 19:14:06,808 INFO [http-nio-8080-exec-1] o.s.w.s.DispatcherServlet [FrameworkServlet.java:554] Completed initialization in 1 ms
